[32minfo[39m: 🤘 SERVER RUNNING IN PORT 8000
[32minfo[39m: 🤘 SERVER RUNNING IN PORT 8000
[32minfo[39m: 🤘 SERVER RUNNING IN PORT 8000
[32minfo[39m: 🤘 SERVER RUNNING IN PORT 8000
[32minfo[39m: 🤘 SERVER RUNNING IN PORT 8000
[32minfo[39m: 🤘 SERVER RUNNING IN PORT 8000
[32minfo[39m: 🤘 SERVER RUNNING IN PORT 8000
[32minfo[39m: [object Object]
[32minfo[39m: [object Object]
[32minfo[39m: [object Object]
[32minfo[39m: [object Object]
[32minfo[39m: [object Object]
[32minfo[39m: [object Object]
[32minfo[39m: [object Object]
[32minfo[39m: [object Object]
[32minfo[39m: 🤘 SERVER RUNNING IN PORT 8000
[32minfo[39m: [object Object]
[32minfo[39m: [object Object]
[32minfo[39m: [object Object]
[32minfo[39m: [object Object]
[32minfo[39m: [object Object]
[32minfo[39m: [object Object]
[32minfo[39m: [object Object]
[32minfo[39m: [object Object]
[32minfo[39m: 🤘 SERVER RUNNING IN PORT 8000
[32minfo[39m: [object Object]
[32minfo[39m: [object Object]
[32minfo[39m: [object Object]
[32minfo[39m: [object Object]
[32minfo[39m: [object Object]
[32minfo[39m: [object Object]
[32minfo[39m: [object Object]
[32minfo[39m: 🤘 SERVER RUNNING IN PORT 8000
[32minfo[39m: 🤘 SERVER RUNNING IN PORT 8000
[32minfo[39m: [object Object]
[32minfo[39m: [object Object]
[32minfo[39m: [object Object]
[32minfo[39m: [object Object]
[32minfo[39m: [object Object]
[32minfo[39m: [object Object]
[32minfo[39m: [object Object]
[32minfo[39m: [object Object]
[32minfo[39m: 🤘 SERVER RUNNING IN PORT 8000
[32minfo[39m: 🤘 SERVER RUNNING IN PORT 8000
[32minfo[39m: [object Object]
[32minfo[39m: 🤘 SERVER RUNNING IN PORT 8000
[32minfo[39m: 🤘 SERVER RUNNING IN PORT 8000
[32minfo[39m: 🤘 SERVER RUNNING IN PORT 8000
[32minfo[39m: [object Object]
[32minfo[39m: 🤘 SERVER RUNNING IN PORT 8000
[32minfo[39m: 🤘 SERVER RUNNING IN PORT 8000
[32minfo[39m: [object Object]
[32minfo[39m: 🤘 SERVER RUNNING IN PORT 8000
[32minfo[39m: [object Object]
[32minfo[39m: [object Object]
[32minfo[39m: [object Object]
[33mwarn[39m: DATA
[32minfo[39m: 🤘 SERVER RUNNING IN PORT 8000
[32minfo[39m: [object Object]
[32minfo[39m: [object Object]
[32minfo[39m: [object Object]
[33mwarn[39m: DATA
[33mwarn[39m: undefined
[32minfo[39m: 🤘 SERVER RUNNING IN PORT 8000
[32minfo[39m: [object Object]
[32minfo[39m: [object Object]
[32minfo[39m: [object Object]
[33mwarn[39m: DATA
[33mwarn[39m: undefined
[32minfo[39m: 🤘 SERVER RUNNING IN PORT 8000
[32minfo[39m: [object Object]
[32minfo[39m: [object Object]
[32minfo[39m: [object Object]
[33mwarn[39m: DATA
[32minfo[39m: 🤘 SERVER RUNNING IN PORT 8000
[32minfo[39m: 🤘 SERVER RUNNING IN PORT 8000
[32minfo[39m: 🤘 SERVER RUNNING IN PORT 8000
[32minfo[39m: 🤘 SERVER RUNNING IN PORT 8000
[32minfo[39m: [object Object]
[32minfo[39m: [object Object]
[32minfo[39m: [object Object]
[33mwarn[39m: DATA
[32minfo[39m: [object Object]
[32minfo[39m: [object Object]
[32minfo[39m: [object Object]
[32minfo[39m: [object Object]
[32minfo[39m: [object Object]
[32minfo[39m: [object Object]
[32minfo[39m: [object Object]
[32minfo[39m: [object Object]
[32minfo[39m: [object Object]
[33mwarn[39m: DATA
[32minfo[39m: [object Object]
[32minfo[39m: [object Object]
[32minfo[39m: [object Object]
[33mwarn[39m: DATA
[32minfo[39m: 🤘 SERVER RUNNING IN PORT 8000
[32minfo[39m: [object Object]
[32minfo[39m: [object Object]
[32minfo[39m: [object Object]
[32minfo[39m: [object Object]
[32minfo[39m: [object Object]
[32minfo[39m: [object Object]
[32minfo[39m: [object Object]
[32minfo[39m: [object Object]
[32minfo[39m: [object Object]
[32minfo[39m: [object Object]
[32minfo[39m: [object Object]
[32minfo[39m: [object Object]
[32minfo[39m: [object Object]
[32minfo[39m: [object Object]
[32minfo[39m: [object Object]
[32minfo[39m: [object Object]
[32minfo[39m: [object Object]
[32minfo[39m: [object Object]
[32minfo[39m: [object Object]
[32minfo[39m: [object Object]
[32minfo[39m: [object Object]
[32minfo[39m: [object Object]
[32minfo[39m: [object Object]
[32minfo[39m: [object Object]
[32minfo[39m: [object Object]
[32minfo[39m: [object Object]
[32minfo[39m: [object Object]
[32minfo[39m: [object Object]
[32minfo[39m: [object Object]
[32minfo[39m: [object Object]
[32minfo[39m: [object Object]
[32minfo[39m: [object Object]
[32minfo[39m: [object Object]
[32minfo[39m: [object Object]
[32minfo[39m: [object Object]
[32minfo[39m: 🤘 SERVER RUNNING IN PORT 8000
[32minfo[39m: 🤘 SERVER RUNNING IN PORT 8000
[32minfo[39m: 🤘 SERVER RUNNING IN PORT 8000
[32minfo[39m: 🤘 SERVER RUNNING IN PORT 8000
[32minfo[39m: 🤘 SERVER RUNNING IN PORT 8000
[32minfo[39m: 🤘 SERVER RUNNING IN PORT 8000
[32minfo[39m: 🤘 SERVER RUNNING IN PORT 8000
[32minfo[39m: 🤘 SERVER RUNNING IN PORT 8000
[32minfo[39m: 🤘 SERVER RUNNING IN PORT 8000
[32minfo[39m: 🤘 SERVER RUNNING IN PORT 8000
[32minfo[39m: 🤘 SERVER RUNNING IN PORT 8000
[32minfo[39m: 🤘 SERVER RUNNING IN PORT 8000
[32minfo[39m: 🤘 SERVER RUNNING IN PORT 8000
[32minfo[39m: 🤘 SERVER RUNNING IN PORT 8000
[32minfo[39m: 🤘 SERVER RUNNING IN PORT 8000
[32minfo[39m: 🤘 SERVER RUNNING IN PORT 8000
[32minfo[39m: 🤘 SERVER RUNNING IN PORT 8000
[32minfo[39m: 🤘 SERVER RUNNING IN PORT 8000
[31merror[39m: 
Invalid `prisma.token.findUnique()` invocation in
D:\PEMROGRAMAN\WEB DEVELOPMENT\NODE JS\YaTech Studio\API\src\services\user-services.js:128:46

  125 const data = verifyRefreshToken(token.refreshToken);
  126 
  127 // Find The record, if not exist throw error
→ 128 const existingToken = await prisma.token.findUnique({
        where: {
          token: {
            refreshToken: "eyJhbGciOiJIUzI1NiIsInR5cCI6IkpXVCJ9.eyJ1c2VybmFtZSI6ImRpbWFzYXVsaWEiLCJ1c2VyX2lkIjoiZjcxOWRiMzktNDY5ZC00ODRjLWE2MWUtNWUxOGFhMzE1NjhjIiwiaWF0IjoxNjk1NzM5NDM4fQ.wPUeTBl0zgLpXy73e9uCABXCysnWzo6yaAMUu1WHqXk"
          }
          ~~~~~~~~~~~~~~~~~~~~~~~~~~~~~~~~~~~~~~~~~~~~~~~~~~~~~~~~~~~~~~~~~~~~~~~~~~~~~~~~~~~~~~~~~~~~~~~~~~~~~~~~~~~~~~~~~~~~~~~~~~~~~~~~~~~~~~~~~~~~~~~~~~~~~~~~~~~~~~~~~~~~~~~~~~~~~~~~~~~~~~~~~~~~~~~~~~~~~~~~~~~~~~~~~~~~~~~~~~~~~
        }
      })

Argument `token`: Invalid value provided. Expected String, provided Object. {"target":"token.findUnique","timestamp":"2023-09-26T14:57:19.029Z"}
[32minfo[39m: 🤘 SERVER RUNNING IN PORT 8000
[31merror[39m: 
Invalid `prisma.token.findUnique()` invocation in
D:\PEMROGRAMAN\WEB DEVELOPMENT\NODE JS\YaTech Studio\API\src\services\user-services.js:129:46

  126 const data = verifyRefreshToken(token.refreshToken);
  127 
  128 // Find The record, if not exist throw error
→ 129 const existingToken = await prisma.token.findUnique({
        where: {
          token: {
            refreshToken: "eyJhbGciOiJIUzI1NiIsInR5cCI6IkpXVCJ9.eyJ1c2VybmFtZSI6ImRpbWFzYXVsaWEiLCJ1c2VyX2lkIjoiZjcxOWRiMzktNDY5ZC00ODRjLWE2MWUtNWUxOGFhMzE1NjhjIiwiaWF0IjoxNjk1NzM5NDM4fQ.wPUeTBl0zgLpXy73e9uCABXCysnWzo6yaAMUu1WHqXk"
          }
          ~~~~~~~~~~~~~~~~~~~~~~~~~~~~~~~~~~~~~~~~~~~~~~~~~~~~~~~~~~~~~~~~~~~~~~~~~~~~~~~~~~~~~~~~~~~~~~~~~~~~~~~~~~~~~~~~~~~~~~~~~~~~~~~~~~~~~~~~~~~~~~~~~~~~~~~~~~~~~~~~~~~~~~~~~~~~~~~~~~~~~~~~~~~~~~~~~~~~~~~~~~~~~~~~~~~~~~~~~~~~~
        }
      })

Argument `token`: Invalid value provided. Expected String, provided Object. {"target":"token.findUnique","timestamp":"2023-09-26T14:58:31.111Z"}
[32minfo[39m: 🤘 SERVER RUNNING IN PORT 8000
[31merror[39m: 
Invalid `prisma.token.findUnique()` invocation in
D:\PEMROGRAMAN\WEB DEVELOPMENT\NODE JS\YaTech Studio\API\src\services\user-services.js:129:46

  126 const data = verifyRefreshToken(token.refreshToken);
  127 
  128 // Find The record, if not exist throw error
→ 129 const existingToken = await prisma.token.findUnique({
        where: {
          token: {
            refreshToken: "eyJhbGciOiJIUzI1NiIsInR5cCI6IkpXVCJ9.eyJ1c2VybmFtZSI6ImRpbWFzYXVsaWEiLCJ1c2VyX2lkIjoiZjcxOWRiMzktNDY5ZC00ODRjLWE2MWUtNWUxOGFhMzE1NjhjIiwiaWF0IjoxNjk1NzM5NDM4fQ.wPUeTBl0zgLpXy73e9uCABXCysnWzo6yaAMUu1WHqXk"
          }
          ~~~~~~~~~~~~~~~~~~~~~~~~~~~~~~~~~~~~~~~~~~~~~~~~~~~~~~~~~~~~~~~~~~~~~~~~~~~~~~~~~~~~~~~~~~~~~~~~~~~~~~~~~~~~~~~~~~~~~~~~~~~~~~~~~~~~~~~~~~~~~~~~~~~~~~~~~~~~~~~~~~~~~~~~~~~~~~~~~~~~~~~~~~~~~~~~~~~~~~~~~~~~~~~~~~~~~~~~~~~~~
        }
      })

Argument `token`: Invalid value provided. Expected String, provided Object. {"target":"token.findUnique","timestamp":"2023-09-26T14:58:44.952Z"}
[32minfo[39m: 🤘 SERVER RUNNING IN PORT 8000
[32minfo[39m: 🤘 SERVER RUNNING IN PORT 8000
[31merror[39m: 
Invalid `prisma.token.findUnique()` invocation in
D:\PEMROGRAMAN\WEB DEVELOPMENT\NODE JS\YaTech Studio\API\src\services\user-services.js:130:46

  127 const data = verifyRefreshToken(token.refreshToken);
  128 
  129 // Find The record, if not exist throw error
→ 130 const existingToken = await prisma.token.findUnique({
        where: {
          token: {
            refreshToken: "eyJhbGciOiJIUzI1NiIsInR5cCI6IkpXVCJ9.eyJ1c2VybmFtZSI6ImRpbWFzYXVsaWEiLCJ1c2VyX2lkIjoiZjcxOWRiMzktNDY5ZC00ODRjLWE2MWUtNWUxOGFhMzE1NjhjIiwiaWF0IjoxNjk1NzM5NDM4fQ.wPUeTBl0zgLpXy73e9uCABXCysnWzo6yaAMUu1WHqXk"
          }
          ~~~~~~~~~~~~~~~~~~~~~~~~~~~~~~~~~~~~~~~~~~~~~~~~~~~~~~~~~~~~~~~~~~~~~~~~~~~~~~~~~~~~~~~~~~~~~~~~~~~~~~~~~~~~~~~~~~~~~~~~~~~~~~~~~~~~~~~~~~~~~~~~~~~~~~~~~~~~~~~~~~~~~~~~~~~~~~~~~~~~~~~~~~~~~~~~~~~~~~~~~~~~~~~~~~~~~~~~~~~~~
        }
      })

Argument `token`: Invalid value provided. Expected String, provided Object. {"target":"token.findUnique","timestamp":"2023-09-26T14:59:08.447Z"}
[32minfo[39m: 🤘 SERVER RUNNING IN PORT 8000
[31merror[39m: 
Invalid `prisma.token.findUnique()` invocation in
D:\PEMROGRAMAN\WEB DEVELOPMENT\NODE JS\YaTech Studio\API\src\services\user-services.js:130:46

  127 const data = verifyRefreshToken(token.refreshToken);
  128 
  129 // Find The record, if not exist throw error
→ 130 const existingToken = await prisma.token.findUnique({
        where: {
          token: {
            refreshToken: "eyJhbGciOiJIUzI1NiIsInR5cCI6IkpXVCJ9.eyJ1c2VybmFtZSI6ImRpbWFzYXVsaWEiLCJ1c2VyX2lkIjoiZjcxOWRiMzktNDY5ZC00ODRjLWE2MWUtNWUxOGFhMzE1NjhjIiwiaWF0IjoxNjk1NzM5NDM4fQ.wPUeTBl0zgLpXy73e9uCABXCysnWzo6yaAMUu1WHqXk"
          }
          ~~~~~~~~~~~~~~~~~~~~~~~~~~~~~~~~~~~~~~~~~~~~~~~~~~~~~~~~~~~~~~~~~~~~~~~~~~~~~~~~~~~~~~~~~~~~~~~~~~~~~~~~~~~~~~~~~~~~~~~~~~~~~~~~~~~~~~~~~~~~~~~~~~~~~~~~~~~~~~~~~~~~~~~~~~~~~~~~~~~~~~~~~~~~~~~~~~~~~~~~~~~~~~~~~~~~~~~~~~~~~
        }
      })

Argument `token`: Invalid value provided. Expected String, provided Object. {"target":"token.findUnique","timestamp":"2023-09-26T14:59:24.019Z"}
[32minfo[39m: 🤘 SERVER RUNNING IN PORT 8000
[32minfo[39m: [object Object]
[32minfo[39m: 🤘 SERVER RUNNING IN PORT 8000
[32minfo[39m: [object Object]
[32minfo[39m: 🤘 SERVER RUNNING IN PORT 8000
[32minfo[39m: [object Object]
[32minfo[39m: 🤘 SERVER RUNNING IN PORT 8000
[32minfo[39m: 🤘 SERVER RUNNING IN PORT 8000
[32minfo[39m: 🤘 SERVER RUNNING IN PORT 8000
[32minfo[39m: [object Object]
[32minfo[39m: 🤘 SERVER RUNNING IN PORT 8000
[32minfo[39m: [object Object]
[32minfo[39m: 🤘 SERVER RUNNING IN PORT 8000
[32minfo[39m: [object Object]
[32minfo[39m: 🤘 SERVER RUNNING IN PORT 8000
[32minfo[39m: [object Object]
[32minfo[39m: 🤘 SERVER RUNNING IN PORT 8000
[32minfo[39m: [object Object]
[32minfo[39m: [object Object]
[32minfo[39m: [object Object]
[32minfo[39m: [object Object]
[32minfo[39m: [object Object]
[32minfo[39m: [object Object]
[31merror[39m: 
Invalid `prisma.token.delete()` invocation in
D:\PEMROGRAMAN\WEB DEVELOPMENT\NODE JS\YaTech Studio\API\src\services\user-services.js:105:31

  102 const data = verifyRefreshToken(token.refreshToken);
  103 
  104 // Delete the token from database
→ 105 return prisma.token.delete(
An operation failed because it depends on one or more records that were required but not found. Record to delete does not exist. {"target":"token.delete","timestamp":"2023-09-26T15:05:11.687Z"}
[32minfo[39m: [object Object]
[32minfo[39m: [object Object]
[32minfo[39m: [object Object]
[32minfo[39m: [object Object]
[32minfo[39m: [object Object]
[32minfo[39m: [object Object]
[32minfo[39m: [object Object]
[32minfo[39m: [object Object]
[32minfo[39m: [object Object]
[32minfo[39m: [object Object]
[32minfo[39m: [object Object]
[32minfo[39m: 🤘 SERVER RUNNING IN PORT 8000
[32minfo[39m: [object Object]
[32minfo[39m: [object Object]
[32minfo[39m: [object Object]
[32minfo[39m: [object Object]
[32minfo[39m: [object Object]
[32minfo[39m: [object Object]
[32minfo[39m: [object Object]
[32minfo[39m: [object Object]
[32minfo[39m: [object Object]
[32minfo[39m: [object Object]
[32minfo[39m: [object Object]
[32minfo[39m: [object Object]
[32minfo[39m: 🤘 SERVER RUNNING IN PORT 8000
[32minfo[39m: [object Object]
[32minfo[39m: 🤘 SERVER RUNNING IN PORT 8000
[32minfo[39m: 🤘 SERVER RUNNING IN PORT 8000
[32minfo[39m: [object Object]
[32minfo[39m: 🤘 SERVER RUNNING IN PORT 8000
[32minfo[39m: 🤘 SERVER RUNNING IN PORT 8000
[32minfo[39m: 🤘 SERVER RUNNING IN PORT 8000
[32minfo[39m: 🤘 SERVER RUNNING IN PORT 8000
[32minfo[39m: 🤘 SERVER RUNNING IN PORT 8000
[32minfo[39m: [object Object]
[32minfo[39m: 🤘 SERVER RUNNING IN PORT 8000
[32minfo[39m: 🤘 SERVER RUNNING IN PORT 8000
[32minfo[39m: 🤘 SERVER RUNNING IN PORT 8000
[32minfo[39m: 🤘 SERVER RUNNING IN PORT 8000
