Arguments: 
  C:\Program Files\nodejs\node.exe C:\Users\dimas\AppData\Roaming\npm\node_modules\yarn\bin\yarn.js add nodemon jest @prisma-client -D

PATH: 
  C:\Program Files (x86)\Common Files\Oracle\Java\javapath;C:\Program Files\NVIDIA GPU Computing Toolkit\CUDA\v10.2\bin;C:\Program Files\NVIDIA GPU Computing Toolkit\CUDA\v10.2\libnvvp;C:\Program Files (x86)\Common Files\Intel\Shared Libraries\redist\intel64\compiler;C:\Program Files\PostgreSQL\14\bin;C:\Python310\;C:\WINDOWS\system32;C:\WINDOWS;C:\WINDOWS\System32\Wbem;C:\WINDOWS\System32\WindowsPowerShell\v1.0\;C:\WINDOWS\System32\OpenSSH\;C:\ProgramData\chocolatey\bin;C:\Program Files\Git\cmd;C:\Program Files\dotnet\;D:\PEMROGRAMAN\WEB DEVELOPMENT\PHP\Server\mysql\bin;C:\Program Files\MongoDB\Server\5.0\bin;;C:\Program Files (x86)\NVIDIA Corporation\PhysX\Common;C:\Program Files\NVIDIA Corporation\NVIDIA NvDLISR;C:\Program Files\LLVM\bin;C:\WINDOWS\system32;C:\WINDOWS;C:\WINDOWS\System32\Wbem;C:\WINDOWS\System32\WindowsPowerShell\v1.0\;C:\WINDOWS\System32\OpenSSH\;C:\Program Files\Graphviz\bin;C:\Program Files\Go\bin;C:\Program Files\NVIDIA Corporation\Nsight Compute 2019.5.0\;C:\Program Files\nodejs\;C:\Users\dimas\AppData\Local\Programs\Python\Python311\Scripts\;C:\Users\dimas\AppData\Local\Programs\Python\Python311\;C:\Users\dimas\AppData\Local\Microsoft\WindowsApps;C:\Users\dimas\AppData\Local\Programs\Microsoft VS Code\bin;C:\Program Files (x86)\Nmap;E:\PEMROGRAMAN\WEB DEVELOPMENT\PHP\Server\mysql\bin;C:\Program Files\PostgreSQL\14\bin;C:\Program Files\MongoDB\Server\5.0\bin;C:\Program Files\heroku\bin;C:\Program Files\Graphviz\bin;C:\Users\dimas\go\bin;C:\Program Files\mosquitto;C:\Program Files\RabbitMQ Server\rabbitmq_server-3.11.10\sbin;C:\Users\dimas\AppData\Roaming\npm;C:\Program Files\MySQL\MySQL Server 8.0\bin;C:\Program Files\Go\bin;

Yarn version: 
  1.22.18

Node version: 
  18.17.0

Platform: 
  win32 x64

Trace: 
  Error: https://registry.yarnpkg.com/@prisma-client: Request "https://registry.yarnpkg.com/@prisma-client" returned a 405
      at params.callback [as _callback] (C:\Users\dimas\AppData\Roaming\npm\node_modules\yarn\lib\cli.js:66147:18)
      at self.callback (C:\Users\dimas\AppData\Roaming\npm\node_modules\yarn\lib\cli.js:140883:22)
      at Request.emit (node:events:514:28)
      at Request.<anonymous> (C:\Users\dimas\AppData\Roaming\npm\node_modules\yarn\lib\cli.js:141855:10)
      at Request.emit (node:events:514:28)
      at IncomingMessage.<anonymous> (C:\Users\dimas\AppData\Roaming\npm\node_modules\yarn\lib\cli.js:141777:12)
      at Object.onceWrapper (node:events:628:28)
      at IncomingMessage.emit (node:events:526:35)
      at endReadableNT (node:internal/streams/readable:1359:12)
      at process.processTicksAndRejections (node:internal/process/task_queues:82:21)

npm manifest: 
  {
    "name": "api-refresh-token",
    "version": "1.0.0",
    "main": "index.js",
    "author": "Dimas Aulia",
    "license": "MIT"
  }

yarn manifest: 
  No manifest

Lockfile: 
  No lockfile
